2025-09-03 06:07:38,859 - INFO - ============================================================
2025-09-03 06:07:38,859 - INFO - RISK MANAGER SESSION STARTED
2025-09-03 06:07:38,859 - INFO - ============================================================
2025-09-03 06:07:38,862 - WARNING - LIVE TRADING MODE ENABLED!
2025-09-03 06:07:38,862 - WARNING - THIS WILL PLACE REAL ORDERS WITH REAL MONEY!
2025-09-03 06:07:44,571 - WARNING - LIVE TRADING MODE CONFIRMED BY USER
2025-09-03 06:07:44,572 - INFO - Initializing Multi-Account Risk Manager System...
2025-09-03 06:07:44,572 - INFO - Authenticating with Robinhood...
2025-09-03 06:07:44,813 - INFO - Successfully authenticated with Robinhood
2025-09-03 06:07:45,116 - INFO - Detected 2 account(s)
2025-09-03 06:07:45,863 - INFO - Multi-Account Risk Manager Web Interface Started - Port: 5001
2025-09-03 06:07:45,863 - INFO - Trading Mode: LIVE TRADING
2025-09-03 06:07:46,157 - INFO - ============================================================
2025-09-03 06:07:46,157 - INFO - RISK MANAGER SESSION STARTED
2025-09-03 06:07:46,157 - INFO - ============================================================
2025-09-03 06:07:46,159 - WARNING - LIVE TRADING MODE ENABLED!
2025-09-03 06:07:46,159 - WARNING - THIS WILL PLACE REAL ORDERS WITH REAL MONEY!
2025-09-03 06:07:50,502 - WARNING - LIVE TRADING MODE CONFIRMED BY USER
2025-09-03 06:07:50,502 - INFO - Initializing Multi-Account Risk Manager System...
2025-09-03 06:07:50,502 - INFO - Authenticating with Robinhood...
2025-09-03 06:07:50,662 - INFO - Successfully authenticated with Robinhood
2025-09-03 06:07:50,752 - INFO - Detected 2 account(s)
2025-09-03 06:07:51,383 - INFO - Multi-Account Risk Manager Web Interface Started - Port: 5001
2025-09-03 06:07:51,384 - INFO - Trading Mode: LIVE TRADING
2025-09-03 06:12:49,142 - INFO - ============================================================
2025-09-03 06:12:49,143 - INFO - RISK MANAGER SESSION STARTED
2025-09-03 06:12:49,143 - INFO - ============================================================
2025-09-03 06:12:49,145 - WARNING - LIVE TRADING MODE ENABLED!
2025-09-03 06:12:49,145 - WARNING - THIS WILL PLACE REAL ORDERS WITH REAL MONEY!
2025-09-03 06:12:50,839 - INFO - Live trading mode cancelled by user. Exiting.
2025-09-03 06:12:57,949 - INFO - ============================================================
2025-09-03 06:12:57,949 - INFO - RISK MANAGER SESSION STARTED
2025-09-03 06:12:57,949 - INFO - ============================================================
2025-09-03 06:12:57,951 - WARNING - LIVE TRADING MODE ENABLED!
2025-09-03 06:12:57,951 - WARNING - THIS WILL PLACE REAL ORDERS WITH REAL MONEY!
2025-09-03 06:13:02,007 - WARNING - LIVE TRADING MODE CONFIRMED BY USER
2025-09-03 06:13:02,008 - INFO - Initializing Multi-Account Risk Manager System...
2025-09-03 06:13:02,008 - INFO - Authenticating with Robinhood...
2025-09-03 06:13:02,299 - INFO - Successfully authenticated with Robinhood
2025-09-03 06:13:02,458 - INFO - Detected 2 account(s)
2025-09-03 06:13:03,566 - INFO - Multi-Account Risk Manager Web Interface Started - Port: 5001
2025-09-03 06:13:03,566 - INFO - Trading Mode: LIVE TRADING
2025-09-03 06:13:03,869 - INFO - ============================================================
2025-09-03 06:13:03,869 - INFO - RISK MANAGER SESSION STARTED
2025-09-03 06:13:03,869 - INFO - ============================================================
2025-09-03 06:13:03,872 - WARNING - LIVE TRADING MODE ENABLED!
2025-09-03 06:13:03,872 - WARNING - THIS WILL PLACE REAL ORDERS WITH REAL MONEY!
2025-09-03 06:13:54,971 - INFO - Live trading mode cancelled by user. Exiting.
2025-09-03 06:14:09,079 - INFO - ============================================================
2025-09-03 06:14:09,079 - INFO - RISK MANAGER SESSION STARTED
2025-09-03 06:14:09,079 - INFO - ============================================================
2025-09-03 06:14:09,081 - WARNING - LIVE TRADING MODE ENABLED!
2025-09-03 06:14:09,081 - WARNING - THIS WILL PLACE REAL ORDERS WITH REAL MONEY!
2025-09-03 06:14:13,673 - WARNING - LIVE TRADING MODE CONFIRMED BY USER
2025-09-03 06:14:13,674 - INFO - Initializing Multi-Account Risk Manager System...
2025-09-03 06:14:13,674 - INFO - Authenticating with Robinhood...
2025-09-03 06:14:14,015 - INFO - Successfully authenticated with Robinhood
2025-09-03 06:14:14,298 - INFO - Detected 2 account(s)
2025-09-03 06:14:15,166 - INFO - Multi-Account Risk Manager Web Interface Started - Port: 5001
2025-09-03 06:14:15,166 - INFO - Trading Mode: LIVE TRADING
2025-09-03 06:14:15,482 - INFO - ============================================================
2025-09-03 06:14:15,482 - INFO - RISK MANAGER SESSION STARTED
2025-09-03 06:14:15,482 - INFO - ============================================================
2025-09-03 06:14:15,485 - WARNING - LIVE TRADING MODE ENABLED!
2025-09-03 06:14:15,485 - WARNING - THIS WILL PLACE REAL ORDERS WITH REAL MONEY!
2025-09-03 06:15:13,515 - INFO - ============================================================
2025-09-03 06:15:13,515 - INFO - RISK MANAGER SESSION STARTED
2025-09-03 06:15:13,515 - INFO - ============================================================
2025-09-03 06:15:13,517 - WARNING - LIVE TRADING MODE ENABLED!
2025-09-03 06:15:13,517 - WARNING - THIS WILL PLACE REAL ORDERS WITH REAL MONEY!
2025-09-03 06:15:18,018 - WARNING - LIVE TRADING MODE CONFIRMED BY USER
2025-09-03 06:15:18,018 - INFO - Initializing Multi-Account Risk Manager System...
2025-09-03 06:15:18,018 - INFO - Authenticating with Robinhood...
2025-09-03 06:15:18,224 - INFO - Successfully authenticated with Robinhood
2025-09-03 06:15:18,323 - INFO - Detected 2 account(s)
2025-09-03 06:15:18,975 - INFO - Multi-Account Risk Manager Web Interface Started - Port: 5001
2025-09-03 06:15:18,975 - INFO - Trading Mode: LIVE TRADING
2025-09-03 06:16:48,222 - INFO - ============================================================
2025-09-03 06:16:48,223 - INFO - RISK MANAGER SESSION STARTED
2025-09-03 06:16:48,223 - INFO - ============================================================
2025-09-03 06:16:48,225 - WARNING - LIVE TRADING MODE ENABLED!
2025-09-03 06:16:48,225 - WARNING - THIS WILL PLACE REAL ORDERS WITH REAL MONEY!
2025-09-03 06:16:53,682 - WARNING - LIVE TRADING MODE CONFIRMED BY USER
2025-09-03 06:16:53,683 - INFO - Initializing Multi-Account Risk Manager System...
2025-09-03 06:16:53,684 - INFO - Authenticating with Robinhood...
2025-09-03 06:16:53,897 - INFO - Successfully authenticated with Robinhood
2025-09-03 06:16:53,998 - INFO - Detected 2 account(s)
2025-09-03 06:16:54,631 - INFO - Multi-Account Risk Manager Web Interface Started - Port: 5001
2025-09-03 06:16:54,632 - INFO - Trading Mode: LIVE TRADING
2025-09-03 06:19:17,479 - INFO - ============================================================
2025-09-03 06:19:17,480 - INFO - RISK MANAGER SESSION STARTED
2025-09-03 06:19:17,480 - INFO - ============================================================
2025-09-03 06:19:17,482 - WARNING - LIVE TRADING MODE ENABLED!
2025-09-03 06:19:17,482 - WARNING - THIS WILL PLACE REAL ORDERS WITH REAL MONEY!
2025-09-03 06:19:22,906 - WARNING - LIVE TRADING MODE CONFIRMED BY USER
2025-09-03 06:19:22,906 - INFO - Initializing Multi-Account Risk Manager System...
2025-09-03 06:19:22,906 - INFO - Authenticating with Robinhood...
2025-09-03 06:19:23,142 - INFO - Successfully authenticated with Robinhood
2025-09-03 06:19:23,230 - INFO - Detected 2 account(s)
2025-09-03 06:19:24,005 - INFO - Multi-Account Risk Manager Web Interface Started - Port: 5001
2025-09-03 06:19:24,006 - INFO - Trading Mode: LIVE TRADING
2025-09-03 06:36:41,174 - INFO - ============================================================
2025-09-03 06:36:41,174 - INFO - RISK MANAGER SESSION STARTED
2025-09-03 06:36:41,174 - INFO - ============================================================
2025-09-03 06:36:41,177 - WARNING - LIVE TRADING MODE ENABLED!
2025-09-03 06:36:41,177 - WARNING - THIS WILL PLACE REAL ORDERS WITH REAL MONEY!
2025-09-03 06:36:46,378 - WARNING - LIVE TRADING MODE CONFIRMED BY USER
2025-09-03 06:36:46,378 - INFO - Initializing Multi-Account Risk Manager System...
2025-09-03 06:36:46,378 - INFO - Authenticating with Robinhood...
2025-09-03 06:36:46,642 - INFO - Successfully authenticated with Robinhood
2025-09-03 06:36:46,737 - INFO - Detected 2 account(s)
2025-09-03 06:36:47,106 - INFO - Auto-started monitoring for 2 active account(s)
2025-09-03 06:36:47,107 - INFO - Multi-Account Risk Manager Web Interface Started - Port: 5001
2025-09-03 06:36:47,107 - INFO - Trading Mode: LIVE TRADING
2025-09-03 06:42:02,534 - INFO - ============================================================
2025-09-03 06:42:02,534 - INFO - RISK MANAGER SESSION STARTED
2025-09-03 06:42:02,534 - INFO - ============================================================
2025-09-03 06:42:02,537 - WARNING - LIVE TRADING MODE ENABLED!
2025-09-03 06:42:02,537 - WARNING - THIS WILL PLACE REAL ORDERS WITH REAL MONEY!
2025-09-03 06:42:07,318 - WARNING - LIVE TRADING MODE CONFIRMED BY USER
2025-09-03 06:42:07,319 - INFO - Initializing Multi-Account Risk Manager System...
2025-09-03 06:42:07,319 - INFO - Authenticating with Robinhood...
2025-09-03 06:42:07,586 - INFO - Successfully authenticated with Robinhood
2025-09-03 06:42:07,941 - INFO - Detected 2 account(s)
2025-09-03 06:42:08,759 - INFO - Multi-Account Risk Manager Web Interface Started - Port: 5001
2025-09-03 06:42:08,759 - INFO - Trading Mode: LIVE TRADING
2025-09-03 06:46:12,012 - INFO - ============================================================
2025-09-03 06:46:12,012 - INFO - RISK MANAGER SESSION STARTED
2025-09-03 06:46:12,012 - INFO - ============================================================
2025-09-03 06:46:12,014 - WARNING - LIVE TRADING MODE ENABLED!
2025-09-03 06:46:12,014 - WARNING - THIS WILL PLACE REAL ORDERS WITH REAL MONEY!
2025-09-03 06:46:16,668 - WARNING - LIVE TRADING MODE CONFIRMED BY USER
2025-09-03 06:46:16,668 - INFO - Initializing Multi-Account Risk Manager System...
2025-09-03 06:46:16,668 - INFO - Authenticating with Robinhood...
2025-09-03 06:46:16,913 - INFO - Successfully authenticated with Robinhood
2025-09-03 06:46:17,064 - INFO - Detected 2 account(s)
2025-09-03 06:46:17,696 - INFO - Multi-Account Risk Manager Web Interface Started - Port: 5001
2025-09-03 06:46:17,696 - INFO - Trading Mode: LIVE TRADING
2025-09-03 06:57:53,426 - INFO - ============================================================
2025-09-03 06:57:53,426 - INFO - RISK MANAGER SESSION STARTED
2025-09-03 06:57:53,426 - INFO - ============================================================
2025-09-03 06:57:53,429 - WARNING - LIVE TRADING MODE ENABLED!
2025-09-03 06:57:53,429 - WARNING - THIS WILL PLACE REAL ORDERS WITH REAL MONEY!
2025-09-03 06:57:58,171 - WARNING - LIVE TRADING MODE CONFIRMED BY USER
2025-09-03 06:57:58,172 - INFO - Initializing Multi-Account Risk Manager System...
2025-09-03 06:57:58,172 - INFO - Authenticating with Robinhood...
2025-09-03 06:57:58,416 - INFO - Successfully authenticated with Robinhood
2025-09-03 06:57:58,514 - INFO - Detected 2 account(s)
2025-09-03 06:57:59,261 - INFO - Multi-Account Risk Manager Web Interface Started - Port: 5001
2025-09-03 06:57:59,262 - INFO - Trading Mode: LIVE TRADING
2025-09-03 07:00:31,836 - INFO - ============================================================
2025-09-03 07:00:31,836 - INFO - RISK MANAGER SESSION STARTED
2025-09-03 07:00:31,836 - INFO - ============================================================
2025-09-03 07:00:31,838 - WARNING - LIVE TRADING MODE ENABLED!
2025-09-03 07:00:31,838 - WARNING - THIS WILL PLACE REAL ORDERS WITH REAL MONEY!
2025-09-03 07:00:36,550 - WARNING - LIVE TRADING MODE CONFIRMED BY USER
2025-09-03 07:00:36,550 - INFO - Initializing Multi-Account Risk Manager System...
2025-09-03 07:00:36,551 - INFO - Authenticating with Robinhood...
2025-09-03 07:00:36,853 - INFO - Successfully authenticated with Robinhood
2025-09-03 07:00:37,022 - INFO - Detected 2 account(s)
2025-09-03 07:00:38,051 - INFO - Multi-Account Risk Manager Web Interface Started - Port: 5001
2025-09-03 07:00:38,052 - INFO - Trading Mode: LIVE TRADING
2025-09-03 07:02:38,468 - INFO - ============================================================
2025-09-03 07:02:38,468 - INFO - RISK MANAGER SESSION STARTED
2025-09-03 07:02:38,468 - INFO - ============================================================
2025-09-03 07:02:38,471 - WARNING - LIVE TRADING MODE ENABLED!
2025-09-03 07:02:38,471 - WARNING - THIS WILL PLACE REAL ORDERS WITH REAL MONEY!
2025-09-03 07:02:43,549 - WARNING - LIVE TRADING MODE CONFIRMED BY USER
2025-09-03 07:02:43,550 - INFO - Initializing Multi-Account Risk Manager System...
2025-09-03 07:02:43,550 - INFO - Authenticating with Robinhood...
2025-09-03 07:02:43,785 - INFO - Successfully authenticated with Robinhood
2025-09-03 07:02:43,879 - INFO - Detected 2 account(s)
2025-09-03 07:02:44,790 - INFO - Multi-Account Risk Manager Web Interface Started - Port: 5001
2025-09-03 07:02:44,791 - INFO - Trading Mode: LIVE TRADING
2025-09-03 12:07:11,463 - INFO - ============================================================
2025-09-03 12:07:11,463 - INFO - RISK MANAGER SESSION STARTED
2025-09-03 12:07:11,463 - INFO - ============================================================
2025-09-03 12:07:11,465 - WARNING - LIVE TRADING MODE ENABLED!
2025-09-03 12:07:11,465 - WARNING - THIS WILL PLACE REAL ORDERS WITH REAL MONEY!
2025-09-03 12:07:15,896 - WARNING - LIVE TRADING MODE CONFIRMED BY USER
2025-09-03 12:07:15,897 - INFO - Initializing Multi-Account Risk Manager System...
2025-09-03 12:07:15,897 - INFO - Authenticating with Robinhood...
2025-09-03 12:07:16,104 - INFO - Successfully authenticated with Robinhood
2025-09-03 12:07:16,313 - INFO - Detected 2 account(s)
2025-09-03 12:07:16,879 - INFO - Auto-started monitoring for 1 active account(s)
2025-09-03 12:07:16,880 - INFO - Multi-Account Risk Manager Web Interface Started - Port: 5001
2025-09-03 12:07:16,880 - INFO - Trading Mode: LIVE TRADING
2025-09-03 12:14:24,408 - INFO - ============================================================
2025-09-03 12:14:24,408 - INFO - RISK MANAGER SESSION STARTED
2025-09-03 12:14:24,408 - INFO - ============================================================
2025-09-03 12:14:24,411 - WARNING - LIVE TRADING MODE ENABLED!
2025-09-03 12:14:24,411 - WARNING - THIS WILL PLACE REAL ORDERS WITH REAL MONEY!
2025-09-03 12:14:31,969 - WARNING - LIVE TRADING MODE CONFIRMED BY USER
2025-09-03 12:14:31,971 - INFO - Initializing Multi-Account Risk Manager System...
2025-09-03 12:14:31,971 - INFO - Authenticating with Robinhood...
2025-09-03 12:14:32,198 - INFO - Successfully authenticated with Robinhood
2025-09-03 12:14:32,298 - INFO - Detected 2 account(s)
2025-09-03 12:14:32,878 - INFO - Auto-started monitoring for 1 active account(s)
2025-09-03 12:14:32,878 - INFO - Multi-Account Risk Manager Web Interface Started - Port: 5001
2025-09-03 12:14:32,878 - INFO - Trading Mode: LIVE TRADING
2025-09-03 13:51:07,656 - INFO - Account ...4234: Trailing stop enabled for NVDA
2025-09-03 13:51:07,657 - INFO - SUBMITTING REAL ORDER for NVDA
2025-09-03 13:51:07,658 - INFO - STOP-LIMIT ORDER: Stop=$0.66, Limit=$0.64
2025-09-03 13:51:08,459 - INFO - REAL ORDER SUBMITTED SUCCESSFULLY: 68b88e1c-fb78-44be-a699-31ec10bd8f92
2025-09-03 17:25:36,418 - INFO - ============================================================
2025-09-03 17:25:36,418 - INFO - RISK MANAGER SESSION STARTED
2025-09-03 17:25:36,418 - INFO - ============================================================
2025-09-03 17:25:36,421 - WARNING - LIVE TRADING MODE ENABLED!
2025-09-03 17:25:36,421 - WARNING - THIS WILL PLACE REAL ORDERS WITH REAL MONEY!
2025-09-03 17:25:40,687 - INFO - Live trading mode cancelled by user. Exiting.
2025-09-03 17:25:47,715 - INFO - ============================================================
2025-09-03 17:25:47,715 - INFO - RISK MANAGER SESSION STARTED
2025-09-03 17:25:47,715 - INFO - ============================================================
2025-09-03 17:25:47,718 - WARNING - LIVE TRADING MODE ENABLED!
2025-09-03 17:25:47,718 - WARNING - THIS WILL PLACE REAL ORDERS WITH REAL MONEY!
2025-09-03 17:25:54,477 - WARNING - LIVE TRADING MODE CONFIRMED BY USER
2025-09-03 17:25:54,477 - INFO - Initializing Multi-Account Risk Manager System...
2025-09-03 17:25:54,477 - INFO - Authenticating with Robinhood...
2025-09-03 17:25:54,752 - INFO - Successfully authenticated with Robinhood
2025-09-03 17:25:54,980 - INFO - Detected 2 account(s)
2025-09-03 17:25:55,543 - INFO - Auto-started monitoring for 1 active account(s)
2025-09-03 17:25:56,049 - INFO - Multi-Account Risk Manager Web Interface Started - Port: 5001
2025-09-03 17:25:56,049 - INFO - Trading Mode: LIVE TRADING
2025-09-03 17:40:27,210 - INFO - ============================================================
2025-09-03 17:40:27,210 - INFO - RISK MANAGER SESSION STARTED
2025-09-03 17:40:27,211 - INFO - ============================================================
2025-09-03 17:40:27,213 - WARNING - LIVE TRADING MODE ENABLED!
2025-09-03 17:40:27,213 - WARNING - THIS WILL PLACE REAL ORDERS WITH REAL MONEY!
2025-09-03 17:40:32,120 - WARNING - LIVE TRADING MODE CONFIRMED BY USER
2025-09-03 17:40:32,120 - INFO - Initializing Multi-Account Risk Manager System...
2025-09-03 17:40:32,120 - INFO - Authenticating with Robinhood...
2025-09-03 17:40:32,382 - INFO - Successfully authenticated with Robinhood
2025-09-03 17:40:32,693 - INFO - Detected 2 account(s)
2025-09-03 17:40:33,411 - INFO - Auto-started monitoring for 1 active account(s)
2025-09-03 17:40:33,915 - INFO - Multi-Account Risk Manager Web Interface Started - Port: 5001
2025-09-03 17:40:33,916 - INFO - Trading Mode: LIVE TRADING
2025-09-03 19:14:05,183 - INFO - ============================================================
2025-09-03 19:14:05,184 - INFO - RISK MANAGER SESSION STARTED
2025-09-03 19:14:05,184 - INFO - ============================================================
2025-09-03 19:14:05,186 - WARNING - LIVE TRADING MODE ENABLED!
2025-09-03 19:14:05,186 - WARNING - THIS WILL PLACE REAL ORDERS WITH REAL MONEY!
2025-09-03 19:14:10,273 - WARNING - LIVE TRADING MODE CONFIRMED BY USER
2025-09-03 19:14:10,274 - INFO - Initializing Multi-Account Risk Manager System...
2025-09-03 19:14:10,274 - INFO - Authenticating with Robinhood...
2025-09-03 19:14:10,554 - INFO - Successfully authenticated with Robinhood
2025-09-03 19:14:10,825 - INFO - Detected 2 account(s)
2025-09-03 19:14:11,592 - INFO - Auto-started monitoring for 1 active account(s)
2025-09-03 19:14:12,098 - INFO - Multi-Account Risk Manager Web Interface Started - Port: 5001
2025-09-03 19:14:12,098 - INFO - Trading Mode: LIVE TRADING
2025-09-03 19:18:41,611 - INFO - ============================================================
2025-09-03 19:18:41,611 - INFO - RISK MANAGER SESSION STARTED
2025-09-03 19:18:41,611 - INFO - ============================================================
2025-09-03 19:18:41,614 - WARNING - LIVE TRADING MODE ENABLED!
2025-09-03 19:18:41,614 - WARNING - THIS WILL PLACE REAL ORDERS WITH REAL MONEY!
2025-09-03 19:19:15,670 - INFO - ============================================================
2025-09-03 19:19:15,671 - INFO - RISK MANAGER SESSION STARTED
2025-09-03 19:19:15,671 - INFO - ============================================================
2025-09-03 19:19:15,673 - WARNING - LIVE TRADING MODE ENABLED!
2025-09-03 19:19:15,673 - WARNING - THIS WILL PLACE REAL ORDERS WITH REAL MONEY!
2025-09-03 19:19:17,615 - WARNING - LIVE TRADING MODE CONFIRMED BY USER
2025-09-03 19:19:17,615 - INFO - Initializing Multi-Account Risk Manager System...
2025-09-03 19:19:17,616 - INFO - Authenticating with Robinhood...
2025-09-03 19:19:17,853 - INFO - Successfully authenticated with Robinhood
2025-09-03 19:19:17,946 - INFO - Detected 2 account(s)
2025-09-03 19:19:18,545 - INFO - Auto-started monitoring for 1 active account(s)
2025-09-03 19:19:19,046 - INFO - Multi-Account Risk Manager Web Interface Started - Port: 5001
2025-09-03 19:19:19,046 - INFO - Trading Mode: LIVE TRADING
2025-09-03 19:21:10,548 - INFO - ============================================================
2025-09-03 19:21:10,548 - INFO - RISK MANAGER SESSION STARTED
2025-09-03 19:21:10,548 - INFO - ============================================================
2025-09-03 19:21:10,551 - WARNING - LIVE TRADING MODE ENABLED!
2025-09-03 19:21:10,551 - WARNING - THIS WILL PLACE REAL ORDERS WITH REAL MONEY!
2025-09-03 19:21:12,848 - WARNING - LIVE TRADING MODE CONFIRMED BY USER
2025-09-03 19:21:12,849 - INFO - Initializing Multi-Account Risk Manager System...
2025-09-03 19:21:12,849 - INFO - Authenticating with Robinhood...
2025-09-03 19:21:13,160 - INFO - Successfully authenticated with Robinhood
2025-09-03 19:21:13,323 - INFO - Detected 2 account(s)
2025-09-03 19:21:14,083 - INFO - Multi-Account Risk Manager Web Interface Started - Port: 5001
2025-09-03 19:21:14,084 - INFO - Trading Mode: LIVE TRADING
2025-09-03 19:24:52,401 - INFO - ============================================================
2025-09-03 19:24:52,401 - INFO - RISK MANAGER SESSION STARTED
2025-09-03 19:24:52,401 - INFO - ============================================================
2025-09-03 19:24:52,404 - WARNING - LIVE TRADING MODE ENABLED!
2025-09-03 19:24:52,404 - WARNING - THIS WILL PLACE REAL ORDERS WITH REAL MONEY!
2025-09-03 19:24:54,155 - WARNING - LIVE TRADING MODE CONFIRMED BY USER
2025-09-03 19:24:54,155 - INFO - Initializing Multi-Account Risk Manager System...
2025-09-03 19:24:54,156 - INFO - Authenticating with Robinhood...
2025-09-03 19:24:54,402 - INFO - Successfully authenticated with Robinhood
2025-09-03 19:24:54,509 - INFO - Detected 2 account(s)
2025-09-03 19:24:55,206 - INFO - Multi-Account Risk Manager Web Interface Started - Port: 5001
2025-09-03 19:24:55,206 - INFO - Trading Mode: LIVE TRADING
2025-09-03 19:25:13,377 - INFO - ============================================================
2025-09-03 19:25:13,377 - INFO - RISK MANAGER SESSION STARTED
2025-09-03 19:25:13,377 - INFO - ============================================================
2025-09-03 19:25:13,380 - WARNING - LIVE TRADING MODE ENABLED!
2025-09-03 19:25:13,380 - WARNING - THIS WILL PLACE REAL ORDERS WITH REAL MONEY!
2025-09-03 19:25:14,661 - WARNING - LIVE TRADING MODE CONFIRMED BY USER
2025-09-03 19:25:14,661 - INFO - Initializing Multi-Account Risk Manager System...
2025-09-03 19:25:14,661 - INFO - Authenticating with Robinhood...
2025-09-03 19:25:14,807 - INFO - Successfully authenticated with Robinhood
2025-09-03 19:25:14,967 - INFO - Detected 2 account(s)
2025-09-03 19:25:15,531 - INFO - Multi-Account Risk Manager Web Interface Started - Port: 5001
2025-09-03 19:25:15,532 - INFO - Trading Mode: LIVE TRADING
2025-09-03 19:49:55,250 - INFO - ============================================================
2025-09-03 19:49:55,250 - INFO - RISK MANAGER SESSION STARTED
2025-09-03 19:49:55,250 - INFO - ============================================================
2025-09-03 19:49:55,253 - WARNING - LIVE TRADING MODE ENABLED!
2025-09-03 19:49:55,253 - WARNING - THIS WILL PLACE REAL ORDERS WITH REAL MONEY!
2025-09-03 19:49:57,170 - WARNING - LIVE TRADING MODE CONFIRMED BY USER
2025-09-03 19:49:57,171 - INFO - Initializing Multi-Account Risk Manager System...
2025-09-03 19:49:57,171 - INFO - Authenticating with Robinhood...
2025-09-03 19:49:57,496 - INFO - Successfully authenticated with Robinhood
2025-09-03 19:49:57,802 - INFO - Detected 2 account(s)
2025-09-03 19:49:58,388 - INFO - Multi-Account Risk Manager Web Interface Started - Port: 5001
2025-09-03 19:49:58,388 - INFO - Trading Mode: LIVE TRADING
2025-09-03 19:51:29,783 - INFO - ============================================================
2025-09-03 19:51:29,784 - INFO - RISK MANAGER SESSION STARTED
2025-09-03 19:51:29,784 - INFO - ============================================================
2025-09-03 19:51:29,786 - WARNING - LIVE TRADING MODE ENABLED!
2025-09-03 19:51:29,786 - WARNING - THIS WILL PLACE REAL ORDERS WITH REAL MONEY!
2025-09-03 19:51:37,130 - WARNING - LIVE TRADING MODE CONFIRMED BY USER
2025-09-03 19:51:37,131 - INFO - Initializing Multi-Account Risk Manager System...
2025-09-03 19:51:37,131 - INFO - Authenticating with Robinhood...
2025-09-03 19:51:37,358 - INFO - Successfully authenticated with Robinhood
2025-09-03 19:51:37,462 - INFO - Detected 2 account(s)
2025-09-03 19:51:37,984 - INFO - Multi-Account Risk Manager Web Interface Started - Port: 5001
2025-09-03 19:51:37,984 - INFO - Trading Mode: LIVE TRADING
2025-09-03 21:12:43,207 - INFO - ============================================================
2025-09-03 21:12:43,207 - INFO - RISK MANAGER SESSION STARTED
2025-09-03 21:12:43,207 - INFO - ============================================================
2025-09-03 21:12:43,209 - WARNING - LIVE TRADING MODE ENABLED!
2025-09-03 21:12:43,209 - WARNING - THIS WILL PLACE REAL ORDERS WITH REAL MONEY!
2025-09-03 21:12:45,218 - WARNING - LIVE TRADING MODE CONFIRMED BY USER
2025-09-03 21:12:45,219 - INFO - Initializing Multi-Account Risk Manager System...
2025-09-03 21:12:45,219 - INFO - Authenticating with Robinhood...
2025-09-03 21:12:45,549 - INFO - Successfully authenticated with Robinhood
2025-09-03 21:12:45,864 - INFO - Detected 2 account(s)
2025-09-03 21:12:46,975 - INFO - Multi-Account Risk Manager Web Interface Started - Port: 5001
2025-09-03 21:12:46,975 - INFO - Trading Mode: LIVE TRADING
2025-09-03 21:40:56,033 - INFO - ============================================================
2025-09-03 21:40:56,033 - INFO - RISK MANAGER SESSION STARTED
2025-09-03 21:40:56,033 - INFO - ============================================================
2025-09-03 21:40:56,036 - WARNING - LIVE TRADING MODE ENABLED!
2025-09-03 21:40:56,036 - WARNING - THIS WILL PLACE REAL ORDERS WITH REAL MONEY!
2025-09-03 21:40:58,168 - WARNING - LIVE TRADING MODE CONFIRMED BY USER
2025-09-03 21:40:58,169 - INFO - Initializing Multi-Account Risk Manager System...
2025-09-03 21:40:58,169 - INFO - Authenticating with Robinhood...
2025-09-03 21:40:58,413 - INFO - Successfully authenticated with Robinhood
2025-09-03 21:40:58,512 - INFO - Detected 2 account(s)
2025-09-03 21:40:59,274 - INFO - Multi-Account Risk Manager Web Interface Started - Port: 5001
2025-09-03 21:40:59,274 - INFO - Trading Mode: LIVE TRADING
2025-09-03 21:52:47,643 - INFO - ============================================================
2025-09-03 21:52:47,644 - INFO - RISK MANAGER SESSION STARTED
2025-09-03 21:52:47,644 - INFO - ============================================================
2025-09-03 21:52:47,646 - WARNING - LIVE TRADING MODE ENABLED!
2025-09-03 21:52:47,646 - WARNING - THIS WILL PLACE REAL ORDERS WITH REAL MONEY!
2025-09-03 21:52:51,424 - WARNING - LIVE TRADING MODE CONFIRMED BY USER
2025-09-03 21:52:51,425 - INFO - Initializing Multi-Account Risk Manager System...
2025-09-03 21:52:51,425 - INFO - Authenticating with Robinhood...
2025-09-03 21:52:51,721 - INFO - Successfully authenticated with Robinhood
2025-09-03 21:52:51,969 - INFO - Detected 2 account(s)
2025-09-03 21:52:52,706 - INFO - Multi-Account Risk Manager Web Interface Started - Port: 5001
2025-09-03 21:52:52,706 - INFO - Trading Mode: LIVE TRADING
2025-09-03 22:07:29,257 - INFO - ============================================================
2025-09-03 22:07:29,257 - INFO - RISK MANAGER SESSION STARTED
2025-09-03 22:07:29,257 - INFO - ============================================================
2025-09-03 22:07:29,259 - WARNING - LIVE TRADING MODE ENABLED!
2025-09-03 22:07:29,260 - WARNING - THIS WILL PLACE REAL ORDERS WITH REAL MONEY!
2025-09-03 22:07:36,749 - WARNING - LIVE TRADING MODE CONFIRMED BY USER
2025-09-03 22:07:36,751 - INFO - Initializing Multi-Account Risk Manager System...
2025-09-03 22:07:36,751 - INFO - Authenticating with Robinhood...
2025-09-03 22:07:37,006 - INFO - Successfully authenticated with Robinhood
2025-09-03 22:07:37,098 - INFO - Detected 2 account(s)
2025-09-03 22:07:37,848 - INFO - Multi-Account Risk Manager Web Interface Started - Port: 5001
2025-09-03 22:07:37,849 - INFO - Trading Mode: LIVE TRADING
2025-09-03 22:18:03,294 - INFO - ============================================================
2025-09-03 22:18:03,295 - INFO - RISK MANAGER SESSION STARTED
2025-09-03 22:18:03,295 - INFO - ============================================================
2025-09-03 22:18:03,297 - WARNING - LIVE TRADING MODE ENABLED!
2025-09-03 22:18:03,297 - WARNING - THIS WILL PLACE REAL ORDERS WITH REAL MONEY!
2025-09-03 22:18:06,690 - WARNING - LIVE TRADING MODE CONFIRMED BY USER
2025-09-03 22:18:06,690 - INFO - Initializing Multi-Account Risk Manager System...
2025-09-03 22:18:06,691 - INFO - Authenticating with Robinhood...
2025-09-03 22:18:06,949 - INFO - Successfully authenticated with Robinhood
2025-09-03 22:18:07,049 - INFO - Detected 2 account(s)
2025-09-03 22:18:07,812 - INFO - Multi-Account Risk Manager Web Interface Started - Port: 5001
2025-09-03 22:18:07,813 - INFO - Trading Mode: LIVE TRADING
2025-09-03 22:23:20,066 - INFO - ============================================================
2025-09-03 22:23:20,066 - INFO - RISK MANAGER SESSION STARTED
2025-09-03 22:23:20,066 - INFO - ============================================================
2025-09-03 22:23:20,069 - WARNING - LIVE TRADING MODE ENABLED!
2025-09-03 22:23:20,069 - WARNING - THIS WILL PLACE REAL ORDERS WITH REAL MONEY!
2025-09-03 22:23:23,014 - WARNING - LIVE TRADING MODE CONFIRMED BY USER
2025-09-03 22:23:23,015 - INFO - Initializing Multi-Account Risk Manager System...
2025-09-03 22:23:23,015 - INFO - Authenticating with Robinhood...
2025-09-03 22:23:23,278 - INFO - Successfully authenticated with Robinhood
2025-09-03 22:23:23,518 - INFO - Detected 2 account(s)
2025-09-03 22:23:24,268 - INFO - Multi-Account Risk Manager Web Interface Started - Port: 5001
2025-09-03 22:23:24,268 - INFO - Trading Mode: LIVE TRADING
2025-09-03 22:37:13,601 - INFO - ============================================================
2025-09-03 22:37:13,601 - INFO - RISK MANAGER SESSION STARTED
2025-09-03 22:37:13,601 - INFO - ============================================================
2025-09-03 22:37:13,603 - WARNING - LIVE TRADING MODE ENABLED!
2025-09-03 22:37:13,603 - WARNING - THIS WILL PLACE REAL ORDERS WITH REAL MONEY!
2025-09-03 22:37:16,658 - WARNING - LIVE TRADING MODE CONFIRMED BY USER
2025-09-03 22:37:16,658 - INFO - Initializing Multi-Account Risk Manager System...
2025-09-03 22:37:16,659 - INFO - Authenticating with Robinhood...
2025-09-03 22:37:16,899 - INFO - Successfully authenticated with Robinhood
2025-09-03 22:37:17,002 - INFO - Detected 2 account(s)
2025-09-03 22:37:17,697 - INFO - Multi-Account Risk Manager Web Interface Started - Port: 5001
2025-09-03 22:37:17,698 - INFO - Trading Mode: LIVE TRADING
2025-09-03 22:54:27,945 - INFO - ============================================================
2025-09-03 22:54:27,946 - INFO - RISK MANAGER SESSION STARTED
2025-09-03 22:54:27,946 - INFO - ============================================================
2025-09-03 22:54:27,949 - WARNING - LIVE TRADING MODE ENABLED!
2025-09-03 22:54:27,949 - WARNING - THIS WILL PLACE REAL ORDERS WITH REAL MONEY!
2025-09-03 22:54:30,949 - WARNING - LIVE TRADING MODE CONFIRMED BY USER
2025-09-03 22:54:30,950 - INFO - Initializing Multi-Account Risk Manager System...
2025-09-03 22:54:30,950 - INFO - Authenticating with Robinhood...
2025-09-03 22:54:31,204 - INFO - Successfully authenticated with Robinhood
2025-09-03 22:54:31,409 - INFO - Detected 2 account(s)
2025-09-03 22:54:32,130 - INFO - Multi-Account Risk Manager Web Interface Started - Port: 5001
2025-09-03 22:54:32,131 - INFO - Trading Mode: LIVE TRADING
2025-09-03 23:16:31,599 - INFO - ============================================================
2025-09-03 23:16:31,599 - INFO - RISK MANAGER SESSION STARTED
2025-09-03 23:16:31,599 - INFO - ============================================================
2025-09-03 23:16:31,601 - WARNING - LIVE TRADING MODE ENABLED!
2025-09-03 23:16:31,601 - WARNING - THIS WILL PLACE REAL ORDERS WITH REAL MONEY!
2025-09-03 23:16:39,521 - WARNING - LIVE TRADING MODE CONFIRMED BY USER
2025-09-03 23:16:39,522 - INFO - Initializing Multi-Account Risk Manager System...
2025-09-03 23:16:39,522 - INFO - Authenticating with Robinhood...
2025-09-03 23:16:39,784 - INFO - Successfully authenticated with Robinhood
2025-09-03 23:16:39,874 - INFO - Detected 2 account(s)
2025-09-03 23:16:40,630 - INFO - Multi-Account Risk Manager Web Interface Started - Port: 5001
2025-09-03 23:16:40,630 - INFO - Trading Mode: LIVE TRADING
